To github.com:leninrafaelrierasegura/Num_Analysis.git
   bb57a7b..51cc867  main -> main
remote: warning: See https://gh.io/lfs for more information.        
remote: warning: File _site/Comparison3.html is 63.74 MB; this is larger than GitHub's recommended maximum file size of 50.00 MB        
remote: warning: GH001: Large files detected. You may want to try Git Large File Storage - https://git-lfs.github.com.        
To github.com:leninrafaelrierasegura/Num_Analysis.git
   51cc867..4f4030d  main -> main
To github.com:leninrafaelrierasegura/Num_Analysis.git
   4f4030d..c271284  main -> main
To github.com:leninrafaelrierasegura/Num_Analysis.git
   c271284..eda0571  main -> main
To github.com:leninrafaelrierasegura/Num_Analysis.git
   eda0571..b25a646  main -> main
To github.com:leninrafaelrierasegura/Num_Analysis.git
   b25a646..abba80d  main -> main
To github.com:leninrafaelrierasegura/Num_Analysis.git
   abba80d..f2b2916  main -> main
To github.com:leninrafaelrierasegura/Num_Analysis.git
   f2b2916..bac54d1  main -> main
To github.com:leninrafaelrierasegura/Num_Analysis.git
   bac54d1..efa9499  main -> main
To github.com:leninrafaelrierasegura/Num_Analysis.git
   efa9499..77d4000  main -> main
To github.com:leninrafaelrierasegura/Num_Analysis.git
   77d4000..6c11307  main -> main
To github.com:leninrafaelrierasegura/Num_Analysis.git
   6c11307..a85363d  main -> main
To github.com:leninrafaelrierasegura/Num_Analysis.git
   a85363d..521d2df  main -> main
To github.com:leninrafaelrierasegura/Num_Analysis.git
   521d2df..5d849b4  main -> main
To github.com:leninrafaelrierasegura/Num_Analysis.git
   5d849b4..658a790  main -> main
To github.com:leninrafaelrierasegura/Num_Analysis.git
   658a790..20f2686  main -> main
To github.com:leninrafaelrierasegura/Num_Analysis.git
   20f2686..5851922  main -> main
To github.com:leninrafaelrierasegura/Num_Analysis.git
   5851922..6c5b47a  main -> main
To github.com:leninrafaelrierasegura/Num_Analysis.git
   6c5b47a..5ccb0ac  main -> main
To github.com:leninrafaelrierasegura/Num_Analysis.git
   5ccb0ac..03e5d32  main -> main
To github.com:leninrafaelrierasegura/Num_Analysis.git
   03e5d32..255a946  main -> main
To github.com:leninrafaelrierasegura/Num_Analysis.git
   255a946..db9c703  main -> main
To github.com:leninrafaelrierasegura/Num_Analysis.git
   db9c703..d496399  main -> main
To github.com:leninrafaelrierasegura/Num_Analysis.git
   d496399..1501892  main -> main
To github.com:leninrafaelrierasegura/Num_Analysis.git
   1501892..b0cd418  main -> main
To github.com:leninrafaelrierasegura/Num_Analysis.git
   b0cd418..ea77d68  main -> main
To github.com:leninrafaelrierasegura/Num_Analysis.git
   ea77d68..b6a1883  main -> main
To github.com:leninrafaelrierasegura/Num_Analysis.git
   b6a1883..5fcf07e  main -> main
To github.com:leninrafaelrierasegura/Num_Analysis.git
   5fcf07e..8246e40  main -> main
